# JRE version: OpenJDK Runtime Environment (11.0.12+7) (build 11.0.12+7-b1504.28-7817840)
# Java VM: OpenJDK 64-Bit Server VM (11.0.12+7-b1504.28-7817840, mixed mode, tiered, compressed oops, g1 gc, windows-amd64)
Heap:
 garbage-first heap   total 262144K, used 183184K [0x0000000080000000, 0x0000000100000000)
  region size 1024K, 45 young (46080K), 4 survivors (4096K)
 Metaspace       used 120555K, capacity 123247K, committed 123980K, reserved 1157120K
  class space    used 15095K, capacity 16071K, committed 16280K, reserved 1048576K
GC Heap History (20 events):
Event: 5326.335 GC heap before
{Heap before GC invocations=25 (full 0):
 garbage-first heap   total 262144K, used 164215K [0x0000000080000000, 0x0000000100000000)
  region size 1024K, 36 young (36864K), 12 survivors (12288K)
 Metaspace       used 110520K, capacity 113057K, committed 113996K, reserved 1148928K
  class space    used 14030K, capacity 14959K, committed 15256K, reserved 1048576K
}
Event: 5326.353 GC heap after
{Heap after GC invocations=26 (full 0):
 garbage-first heap   total 262144K, used 144311K [0x0000000080000000, 0x0000000100000000)
  region size 1024K, 3 young (3072K), 3 survivors (3072K)
 Metaspace       used 110520K, capacity 113057K, committed 113996K, reserved 1148928K
  class space    used 14030K, capacity 14959K, committed 15256K, reserved 1048576K
}
Event: 5327.271 GC heap before
{Heap before GC invocations=27 (full 0):
 garbage-first heap   total 262144K, used 197559K [0x0000000080000000, 0x0000000100000000)
  region size 1024K, 54 young (55296K), 3 survivors (3072K)
 Metaspace       used 114362K, capacity 117040K, committed 117708K, reserved 1150976K
  class space    used 14490K, capacity 15463K, committed 15640K, reserved 1048576K
}
Event: 5327.283 GC heap after
{Heap after GC invocations=28 (full 0):
 garbage-first heap   total 262144K, used 160213K [0x0000000080000000, 0x0000000100000000)
  region size 1024K, 7 young (7168K), 7 survivors (7168K)
 Metaspace       used 114362K, capacity 117040K, committed 117708K, reserved 1150976K
  class space    used 14490K, capacity 15463K, committed 15640K, reserved 1048576K
}
Event: 5327.363 GC heap before
{Heap before GC invocations=28 (full 0):
 garbage-first heap   total 262144K, used 165333K [0x0000000080000000, 0x0000000100000000)
  region size 1024K, 12 young (12288K), 7 survivors (7168K)
 Metaspace       used 114489K, capacity 117104K, committed 117708K, reserved 1150976K
  class space    used 14499K, capacity 15463K, committed 15640K, reserved 1048576K
}
Event: 5327.388 GC heap after
{Heap after GC invocations=29 (full 0):
 garbage-first heap   total 262144K, used 151040K [0x0000000080000000, 0x0000000100000000)
  region size 1024K, 2 young (2048K), 2 survivors (2048K)
 Metaspace       used 114489K, capacity 117104K, committed 117708K, reserved 1150976K
  class space    used 14499K, capacity 15463K, committed 15640K, reserved 1048576K
}
Event: 5327.426 GC heap before
{Heap before GC invocations=29 (full 0):
 garbage-first heap   total 262144K, used 154112K [0x0000000080000000, 0x0000000100000000)
  region size 1024K, 7 young (7168K), 2 survivors (2048K)
 Metaspace       used 114503K, capacity 117168K, committed 117964K, reserved 1150976K
  class space    used 14499K, capacity 15463K, committed 15640K, reserved 1048576K
}
Event: 5327.434 GC heap after
{Heap after GC invocations=30 (full 0):
 garbage-first heap   total 262144K, used 154707K [0x0000000080000000, 0x0000000100000000)
  region size 1024K, 6 young (6144K), 6 survivors (6144K)
 Metaspace       used 114503K, capacity 117168K, committed 117964K, reserved 1150976K
  class space    used 14499K, capacity 15463K, committed 15640K, reserved 1048576K
}
Event: 5327.937 GC heap before
{Heap before GC invocations=31 (full 0):
 garbage-first heap   total 262144K, used 204883K [0x0000000080000000, 0x0000000100000000)
  region size 1024K, 39 young (39936K), 6 survivors (6144K)
 Metaspace       used 117530K, capacity 120174K, committed 120908K, reserved 1155072K
  class space    used 14815K, capacity 15793K, committed 16024K, reserved 1048576K
}
Event: 5327.945 GC heap after
{Heap after GC invocations=32 (full 0):
 garbage-first heap   total 262144K, used 156114K [0x0000000080000000, 0x0000000100000000)
  region size 1024K, 2 young (2048K), 2 survivors (2048K)
 Metaspace       used 117530K, capacity 120174K, committed 120908K, reserved 1155072K
  class space    used 14815K, capacity 15793K, committed 16024K, reserved 1048576K
}
Event: 5328.018 GC heap before
{Heap before GC invocations=32 (full 0):
 garbage-first heap   total 262144K, used 165330K [0x0000000080000000, 0x0000000100000000)
  region size 1024K, 12 young (12288K), 2 survivors (2048K)
 Metaspace       used 117587K, capacity 120180K, committed 120908K, reserved 1155072K
  class space    used 14818K, capacity 15794K, committed 16024K, reserved 1048576K
}
Event: 5328.030 GC heap after
{Heap after GC invocations=33 (full 0):
 garbage-first heap   total 262144K, used 154300K [0x0000000080000000, 0x0000000100000000)
  region size 1024K, 1 young (1024K), 1 survivors (1024K)
 Metaspace       used 117587K, capacity 120180K, committed 120908K, reserved 1155072K
  class space    used 14818K, capacity 15794K, committed 16024K, reserved 1048576K
}
Event: 5328.498 GC heap before
{Heap before GC invocations=33 (full 0):
 garbage-first heap   total 262144K, used 192188K [0x0000000080000000, 0x0000000100000000)
  region size 1024K, 39 young (39936K), 1 survivors (1024K)
 Metaspace       used 118870K, capacity 121481K, committed 122316K, reserved 1155072K
  class space    used 14960K, capacity 15941K, committed 16152K, reserved 1048576K
}
Event: 5328.506 GC heap after
{Heap after GC invocations=34 (full 0):
 garbage-first heap   total 262144K, used 158496K [0x0000000080000000, 0x0000000100000000)
  region size 1024K, 5 young (5120K), 5 survivors (5120K)
 Metaspace       used 118870K, capacity 121481K, committed 122316K, reserved 1155072K
  class space    used 14960K, capacity 15941K, committed 16152K, reserved 1048576K
}
Event: 5328.857 GC heap before
{Heap before GC invocations=35 (full 0):
 garbage-first heap   total 262144K, used 189216K [0x0000000080000000, 0x0000000100000000)
  region size 1024K, 44 young (45056K), 5 survivors (5120K)
 Metaspace       used 119227K, capacity 121855K, committed 122572K, reserved 1155072K
  class space    used 14988K, capacity 15950K, committed 16152K, reserved 1048576K
}
Event: 5328.867 GC heap after
{Heap after GC invocations=36 (full 0):
 garbage-first heap   total 262144K, used 154246K [0x0000000080000000, 0x0000000100000000)
  region size 1024K, 4 young (4096K), 4 survivors (4096K)
 Metaspace       used 119227K, capacity 121855K, committed 122572K, reserved 1155072K
  class space    used 14988K, capacity 15950K, committed 16152K, reserved 1048576K
}
Event: 5328.955 GC heap before
{Heap before GC invocations=36 (full 0):
 garbage-first heap   total 262144K, used 161414K [0x0000000080000000, 0x0000000100000000)
  region size 1024K, 12 young (12288K), 4 survivors (4096K)
 Metaspace       used 119466K, capacity 122081K, committed 122828K, reserved 1157120K
  class space    used 15007K, capacity 15982K, committed 16152K, reserved 1048576K
}
Event: 5328.966 GC heap after
{Heap after GC invocations=37 (full 0):
 garbage-first heap   total 262144K, used 140830K [0x0000000080000000, 0x0000000100000000)
  region size 1024K, 2 young (2048K), 2 survivors (2048K)
 Metaspace       used 119466K, capacity 122081K, committed 122828K, reserved 1157120K
  class space    used 15007K, capacity 15982K, committed 16152K, reserved 1048576K
}
Event: 5332.219 GC heap before
{Heap before GC invocations=37 (full 0):
 garbage-first heap   total 262144K, used 187934K [0x0000000080000000, 0x0000000100000000)
  region size 1024K, 49 young (50176K), 2 survivors (2048K)
 Metaspace       used 119748K, capacity 122389K, committed 123084K, reserved 1157120K
  class space    used 15042K, capacity 16000K, committed 16152K, reserved 1048576K
}
Event: 5332.226 GC heap after
{Heap after GC invocations=38 (full 0):
 garbage-first heap   total 262144K, used 143248K [0x0000000080000000, 0x0000000100000000)
  region size 1024K, 4 young (4096K), 4 survivors (4096K)
 Metaspace       used 119748K, capacity 122389K, committed 123084K, reserved 1157120K
  class space    used 15042K, capacity 16000K, committed 16152K, reserved 1048576K
}

