# JRE version: OpenJDK Runtime Environment (11.0.12+7) (build 11.0.12+7-b1504.28-7817840)
# Java VM: OpenJDK 64-Bit Server VM (11.0.12+7-b1504.28-7817840, mixed mode, tiered, compressed oops, g1 gc, windows-amd64)
Heap:
 garbage-first heap   total 262144K, used 217173K [0x0000000080000000, 0x0000000100000000)
  region size 1024K, 52 young (53248K), 4 survivors (4096K)
 Metaspace       used 146320K, capacity 151447K, committed 151792K, reserved 1181696K
  class space    used 18471K, capacity 20305K, committed 20428K, reserved 1048576K
GC Heap History (20 events):
Event: 600.184 GC heap after
{Heap after GC invocations=62 (full 0):
 garbage-first heap   total 262144K, used 165614K [0x0000000080000000, 0x0000000100000000)
  region size 1024K, 2 young (2048K), 2 survivors (2048K)
 Metaspace       used 145104K, capacity 149992K, committed 150128K, reserved 1179648K
  class space    used 18401K, capacity 20182K, committed 20300K, reserved 1048576K
}
Event: 601.398 GC heap before
{Heap before GC invocations=62 (full 0):
 garbage-first heap   total 262144K, used 207598K [0x0000000080000000, 0x0000000100000000)
  region size 1024K, 44 young (45056K), 2 survivors (2048K)
 Metaspace       used 145214K, capacity 150143K, committed 150384K, reserved 1179648K
  class space    used 18404K, capacity 20186K, committed 20300K, reserved 1048576K
}
Event: 601.414 GC heap after
{Heap after GC invocations=63 (full 0):
 garbage-first heap   total 262144K, used 169714K [0x0000000080000000, 0x0000000100000000)
  region size 1024K, 6 young (6144K), 6 survivors (6144K)
 Metaspace       used 145214K, capacity 150143K, committed 150384K, reserved 1179648K
  class space    used 18404K, capacity 20186K, committed 20300K, reserved 1048576K
}
Event: 604.078 GC heap before
{Heap before GC invocations=64 (full 0):
 garbage-first heap   total 262144K, used 209650K [0x0000000080000000, 0x0000000100000000)
  region size 1024K, 48 young (49152K), 6 survivors (6144K)
 Metaspace       used 145317K, capacity 150219K, committed 150384K, reserved 1179648K
  class space    used 18406K, capacity 20188K, committed 20300K, reserved 1048576K
}
Event: 604.085 GC heap after
{Heap after GC invocations=65 (full 0):
 garbage-first heap   total 262144K, used 168478K [0x0000000080000000, 0x0000000100000000)
  region size 1024K, 2 young (2048K), 2 survivors (2048K)
 Metaspace       used 145317K, capacity 150219K, committed 150384K, reserved 1179648K
  class space    used 18406K, capacity 20188K, committed 20300K, reserved 1048576K
}
Event: 604.160 GC heap before
{Heap before GC invocations=65 (full 0):
 garbage-first heap   total 262144K, used 177694K [0x0000000080000000, 0x0000000100000000)
  region size 1024K, 12 young (12288K), 2 survivors (2048K)
 Metaspace       used 145347K, capacity 150222K, committed 150384K, reserved 1179648K
  class space    used 18406K, capacity 20188K, committed 20300K, reserved 1048576K
}
Event: 604.166 GC heap after
{Heap after GC invocations=66 (full 0):
 garbage-first heap   total 262144K, used 162856K [0x0000000080000000, 0x0000000100000000)
  region size 1024K, 1 young (1024K), 1 survivors (1024K)
 Metaspace       used 145347K, capacity 150222K, committed 150384K, reserved 1179648K
  class space    used 18406K, capacity 20188K, committed 20300K, reserved 1048576K
}
Event: 604.194 GC heap before
{Heap before GC invocations=66 (full 0):
 garbage-first heap   total 262144K, used 164904K [0x0000000080000000, 0x0000000100000000)
  region size 1024K, 5 young (5120K), 1 survivors (1024K)
 Metaspace       used 145347K, capacity 150222K, committed 150384K, reserved 1179648K
  class space    used 18406K, capacity 20188K, committed 20300K, reserved 1048576K
}
Event: 604.196 GC heap after
{Heap after GC invocations=67 (full 0):
 garbage-first heap   total 262144K, used 162954K [0x0000000080000000, 0x0000000100000000)
  region size 1024K, 1 young (1024K), 1 survivors (1024K)
 Metaspace       used 145347K, capacity 150222K, committed 150384K, reserved 1179648K
  class space    used 18406K, capacity 20188K, committed 20300K, reserved 1048576K
}
Event: 860.114 GC heap before
{Heap before GC invocations=68 (full 0):
 garbage-first heap   total 262144K, used 228490K [0x0000000080000000, 0x0000000100000000)
  region size 1024K, 48 young (49152K), 1 survivors (1024K)
 Metaspace       used 145555K, capacity 150556K, committed 150896K, reserved 1179648K
  class space    used 18416K, capacity 20207K, committed 20300K, reserved 1048576K
}
Event: 860.120 GC heap after
{Heap after GC invocations=69 (full 0):
 garbage-first heap   total 262144K, used 167608K [0x0000000080000000, 0x0000000100000000)
  region size 1024K, 6 young (6144K), 6 survivors (6144K)
 Metaspace       used 145555K, capacity 150556K, committed 150896K, reserved 1179648K
  class space    used 18416K, capacity 20207K, committed 20300K, reserved 1048576K
}
Event: 862.605 GC heap before
{Heap before GC invocations=69 (full 0):
 garbage-first heap   total 262144K, used 212664K [0x0000000080000000, 0x0000000100000000)
  region size 1024K, 51 young (52224K), 6 survivors (6144K)
 Metaspace       used 145697K, capacity 150675K, committed 150896K, reserved 1179648K
  class space    used 18423K, capacity 20219K, committed 20300K, reserved 1048576K
}
Event: 862.625 GC heap after
{Heap after GC invocations=70 (full 0):
 garbage-first heap   total 262144K, used 171149K [0x0000000080000000, 0x0000000100000000)
  region size 1024K, 4 young (4096K), 4 survivors (4096K)
 Metaspace       used 145697K, capacity 150675K, committed 150896K, reserved 1179648K
  class space    used 18423K, capacity 20219K, committed 20300K, reserved 1048576K
}
Event: 863.216 GC heap before
{Heap before GC invocations=71 (full 0):
 garbage-first heap   total 262144K, used 215181K [0x0000000080000000, 0x0000000100000000)
  region size 1024K, 49 young (50176K), 4 survivors (4096K)
 Metaspace       used 145811K, capacity 150765K, committed 150896K, reserved 1179648K
  class space    used 18425K, capacity 20222K, committed 20300K, reserved 1048576K
}
Event: 863.221 GC heap after
{Heap after GC invocations=72 (full 0):
 garbage-first heap   total 262144K, used 170734K [0x0000000080000000, 0x0000000100000000)
  region size 1024K, 5 young (5120K), 5 survivors (5120K)
 Metaspace       used 145811K, capacity 150765K, committed 150896K, reserved 1179648K
  class space    used 18425K, capacity 20222K, committed 20300K, reserved 1048576K
}
Event: 935.283 GC heap before
{Heap before GC invocations=72 (full 0):
 garbage-first heap   total 262144K, used 196334K [0x0000000080000000, 0x0000000100000000)
  region size 1024K, 12 young (12288K), 5 survivors (5120K)
 Metaspace       used 145827K, capacity 150765K, committed 150896K, reserved 1179648K
  class space    used 18425K, capacity 20222K, committed 20300K, reserved 1048576K
}
Event: 935.291 GC heap after
{Heap after GC invocations=73 (full 0):
 garbage-first heap   total 262144K, used 161696K [0x0000000080000000, 0x0000000100000000)
  region size 1024K, 1 young (1024K), 1 survivors (1024K)
 Metaspace       used 145827K, capacity 150765K, committed 150896K, reserved 1179648K
  class space    used 18425K, capacity 20222K, committed 20300K, reserved 1048576K
}
Event: 939.428 GC heap before
{Heap before GC invocations=73 (full 0):
 garbage-first heap   total 262144K, used 213920K [0x0000000080000000, 0x0000000100000000)
  region size 1024K, 53 young (54272K), 1 survivors (1024K)
 Metaspace       used 146225K, capacity 151246K, committed 151536K, reserved 1181696K
  class space    used 18470K, capacity 20304K, committed 20428K, reserved 1048576K
}
Event: 939.445 GC heap after
{Heap after GC invocations=74 (full 0):
 garbage-first heap   total 262144K, used 168021K [0x0000000080000000, 0x0000000100000000)
  region size 1024K, 7 young (7168K), 7 survivors (7168K)
 Metaspace       used 146225K, capacity 151246K, committed 151536K, reserved 1181696K
  class space    used 18470K, capacity 20304K, committed 20428K, reserved 1048576K
}
Event: 941.681 GC heap before
{Heap before GC invocations=75 (full 0):
 garbage-first heap   total 262144K, used 216149K [0x0000000080000000, 0x0000000100000000)
  region size 1024K, 55 young (56320K), 7 survivors (7168K)
 Metaspace       used 146320K, capacity 151447K, committed 151792K, reserved 1181696K
  class space    used 18471K, capacity 20305K, committed 20428K, reserved 1048576K
}

